<?xml version="1.0" encoding="UTF-8"?>
<!-- Generated by org.testng.reporters.JUnitReportReporter -->
<testsuite hostname="DESKTOP-C9G084L" failures="0" tests="1" name="restassuredtut01.lot_controller_10" time="26.762" errors="0" timestamp="2024-11-29T12:09:20 IST" skipped="0">
  <testcase classname="restassuredtut01.lot_controller_10" name="loginToSystem" time="26.762"/>
</testsuite> <!-- restassuredtut01.lot_controller_10 -->
