<?xml version="1.0" encoding="UTF-8"?>
<!-- Generated by org.testng.reporters.JUnitReportReporter -->
<testsuite hostname="DESKTOP-C9G084L" failures="0" tests="1" name="restassuredtut01.remark_controller_04" time="1.481" errors="0" timestamp="2024-11-29T12:41:44 IST" skipped="0">
  <testcase classname="restassuredtut01.remark_controller_04" name="loginToSystem" time="1.481"/>
</testsuite> <!-- restassuredtut01.remark_controller_04 -->
