<?xml version="1.0" encoding="UTF-8"?>
<!-- Generated by org.testng.reporters.JUnitReportReporter -->
<testsuite hostname="DESKTOP-C9G084L" failures="0" tests="1" name="post_restassured.PolishController02" time="1.862" errors="0" timestamp="2024-12-09T16:46:19 IST" skipped="0">
  <testcase classname="post_restassured.PolishController02" name="createSymmetry" time="1.862"/>
</testsuite> <!-- post_restassured.PolishController02 -->
