<?xml version="1.0" encoding="UTF-8"?>
<!-- Generated by org.testng.reporters.JUnitReportReporter -->
<testsuite hostname="DESKTOP-C9G084L" failures="0" tests="1" name="post_restassured.Example" time="2.444" errors="0" timestamp="2024-12-09T16:43:56 IST" skipped="0">
  <testcase classname="post_restassured.Example" name="createSymmetry" time="2.444"/>
</testsuite> <!-- post_restassured.Example -->
