<?xml version="1.0" encoding="UTF-8"?>
<!-- Generated by org.testng.reporters.JUnitReportReporter -->
<testsuite hostname="DESKTOP-C9G084L" failures="0" tests="1" name="restassuredtut01.shape_controller_04" time="1.916" errors="0" timestamp="2024-11-29T10:28:07 IST" skipped="0">
  <testcase classname="restassuredtut01.shape_controller_04" name="loginToSystem" time="1.916"/>
</testsuite> <!-- restassuredtut01.shape_controller_04 -->
