<?xml version="1.0" encoding="UTF-8"?>
<!-- Generated by org.testng.reporters.JUnitReportReporter -->
<testsuite hostname="DESKTOP-C9G084L" failures="0" tests="1" name="get_restassured.auction_controller_19" time="1.554" errors="0" timestamp="2024-12-27T17:25:24 IST" skipped="0">
  <testcase classname="get_restassured.auction_controller_19" name="loginToSystem" time="1.554"/>
</testsuite> <!-- get_restassured.auction_controller_19 -->
