<?xml version="1.0" encoding="UTF-8"?>
<!-- Generated by org.testng.reporters.JUnitReportReporter -->
<testsuite hostname="DESKTOP-C9G084L" failures="0" tests="1" name="restassuredtut01.invoice_list_controller_01" time="2.049" errors="0" timestamp="2024-11-30T13:07:12 IST" skipped="0">
  <testcase classname="restassuredtut01.invoice_list_controller_01" name="loginToSystem" time="2.049"/>
</testsuite> <!-- restassuredtut01.invoice_list_controller_01 -->
