<?xml version="1.0" encoding="UTF-8"?>
<!-- Generated by org.testng.reporters.JUnitReportReporter -->
<testsuite hostname="DESKTOP-C9G084L" failures="0" tests="1" name="post_restassured.RoleController" time="1.535" errors="0" timestamp="2024-12-12T14:33:04 IST" skipped="0">
  <testcase classname="post_restassured.RoleController" name="createSymmetry" time="1.535"/>
</testsuite> <!-- post_restassured.RoleController -->
