<?xml version="1.0" encoding="UTF-8"?>
<!-- Generated by org.testng.reporters.JUnitReportReporter -->
<testsuite hostname="DESKTOP-C9G084L" failures="0" tests="1" name="put_restassured.AuctionDetailController" time="1.753" errors="0" timestamp="2024-12-12T11:29:04 IST" skipped="0">
  <testcase classname="put_restassured.AuctionDetailController" name="updateUser" time="1.753"/>
</testsuite> <!-- put_restassured.AuctionDetailController -->
