<?xml version="1.0" encoding="UTF-8"?>
<!-- Generated by org.testng.reporters.JUnitReportReporter -->
<testsuite hostname="DESKTOP-C9G084L" failures="0" tests="1" name="post_restassured.AuctionController05" time="1.915" errors="0" timestamp="2024-12-14T14:56:30 IST" skipped="0">
  <testcase classname="post_restassured.AuctionController05" name="createSymmetry" time="1.915"/>
</testsuite> <!-- post_restassured.AuctionController05 -->
