<?xml version="1.0" encoding="UTF-8"?>
<!-- Generated by org.testng.reporters.JUnitReportReporter -->
<testsuite hostname="DESKTOP-C9G084L" failures="0" tests="1" name="restassuredtut01.balance_sheet_controller_02" time="3.901" errors="0" timestamp="2024-11-30T11:52:13 IST" skipped="0">
  <testcase classname="restassuredtut01.balance_sheet_controller_02" name="loginToSystem" time="3.901"/>
</testsuite> <!-- restassuredtut01.balance_sheet_controller_02 -->
