<?xml version="1.0" encoding="UTF-8"?>
<!-- Generated by org.testng.reporters.JUnitReportReporter -->
<testsuite hostname="DESKTOP-C9G084L" failures="0" tests="1" name="post_restassured.BrandController04" time="2.342" errors="0" timestamp="2024-12-12T14:52:50 IST" skipped="0">
  <testcase classname="post_restassured.BrandController04" name="createSymmetry" time="2.342"/>
</testsuite> <!-- post_restassured.BrandController04 -->
