<?xml version="1.0" encoding="UTF-8"?>
<!-- Generated by org.testng.reporters.JUnitReportReporter -->
<testsuite hostname="DESKTOP-C9G084L" failures="0" tests="1" name="post_restassured.BrandController03" time="1.523" errors="0" timestamp="2024-12-10T16:02:30 IST" skipped="0">
  <testcase classname="post_restassured.BrandController03" name="createSymmetry" time="1.523"/>
</testsuite> <!-- post_restassured.BrandController03 -->
