<?xml version="1.0" encoding="UTF-8"?>
<!-- Generated by org.testng.reporters.JUnitReportReporter -->
<testsuite hostname="DESKTOP-C9G084L" failures="0" tests="1" name="restassuredtut01.auction_controller_18" time="1.483" errors="0" timestamp="2024-11-28T11:45:21 IST" skipped="0">
  <testcase classname="restassuredtut01.auction_controller_18" name="loginToSystem" time="1.483"/>
</testsuite> <!-- restassuredtut01.auction_controller_18 -->
