<?xml version="1.0" encoding="UTF-8"?>
<!-- Generated by org.testng.reporters.JUnitReportReporter -->
<testsuite hostname="DESKTOP-C9G084L" failures="0" tests="1" name="restassuredtut01.invoice_details_controller_10" time="1.499" errors="0" timestamp="2024-11-29T11:20:53 IST" skipped="0">
  <testcase classname="restassuredtut01.invoice_details_controller_10" name="loginToSystem" time="1.499"/>
</testsuite> <!-- restassuredtut01.invoice_details_controller_10 -->
