<?xml version="1.0" encoding="UTF-8"?>
<!-- Generated by org.testng.reporters.JUnitReportReporter -->
<testsuite hostname="DESKTOP-C9G084L" failures="0" tests="1" name="get_restassured.Test12" time="1.692" errors="0" timestamp="2024-12-11T15:44:17 IST" skipped="0">
  <testcase classname="get_restassured.Test12" name="loginToSystem" time="1.692"/>
</testsuite> <!-- get_restassured.Test12 -->
