<?xml version="1.0" encoding="UTF-8"?>
<!-- Generated by org.testng.reporters.JUnitReportReporter -->
<testsuite hostname="DESKTOP-C9G084L" failures="0" tests="1" name="restassuredtut01.filter_controller_01" time="8.609" errors="0" timestamp="2024-11-30T11:20:04 IST" skipped="0">
  <testcase classname="restassuredtut01.filter_controller_01" name="loginToSystem" time="8.609"/>
</testsuite> <!-- restassuredtut01.filter_controller_01 -->
