<?xml version="1.0" encoding="UTF-8"?>
<!-- Generated by org.testng.reporters.JUnitReportReporter -->
<testsuite hostname="DESKTOP-C9G084L" failures="0" tests="1" name="post_restassured.StateController" time="1.500" errors="0" timestamp="2024-12-12T14:42:07 IST" skipped="0">
  <testcase classname="post_restassured.StateController" name="createSymmetry" time="1.500"/>
</testsuite> <!-- post_restassured.StateController -->
