<?xml version="1.0" encoding="UTF-8"?>
<!-- Generated by org.testng.reporters.JUnitReportReporter -->
<testsuite hostname="DESKTOP-C9G084L" failures="0" tests="1" name="get_restassured.balance_sheet_controller_01" time="13.803" errors="0" timestamp="2024-12-27T17:15:50 IST" skipped="0">
  <testcase classname="get_restassured.balance_sheet_controller_01" name="loginToSystem" time="13.803"/>
</testsuite> <!-- get_restassured.balance_sheet_controller_01 -->
