<?xml version="1.0" encoding="UTF-8"?>
<!-- Generated by org.testng.reporters.JUnitReportReporter -->
<testsuite hostname="DESKTOP-C9G084L" failures="0" tests="1" name="get_restassured.bidder_supplier_summary_controller_01" time="1.562" errors="0" timestamp="2024-12-27T17:30:19 IST" skipped="0">
  <testcase classname="get_restassured.bidder_supplier_summary_controller_01" name="loginToSystem" time="1.562"/>
</testsuite> <!-- get_restassured.bidder_supplier_summary_controller_01 -->
