<?xml version="1.0" encoding="UTF-8"?>
<!-- Generated by org.testng.reporters.JUnitReportReporter -->
<testsuite hostname="DESKTOP-C9G084L" failures="0" tests="1" name="restassuredtut01.excel_generation_controller_01" time="1.498" errors="0" timestamp="2024-11-30T11:34:34 IST" skipped="0">
  <testcase classname="restassuredtut01.excel_generation_controller_01" name="loginToSystem" time="1.498"/>
</testsuite> <!-- restassuredtut01.excel_generation_controller_01 -->
