<?xml version="1.0" encoding="UTF-8"?>
<!-- Generated by org.testng.reporters.JUnitReportReporter -->
<testsuite hostname="DESKTOP-C9G084L" failures="0" tests="1" name="restassuredtut01.bidder_supplier_summary_controller_04" time="2.452" errors="0" timestamp="2024-11-30T15:24:51 IST" skipped="0">
  <testcase classname="restassuredtut01.bidder_supplier_summary_controller_04" name="loginToSystem" time="2.452"/>
</testsuite> <!-- restassuredtut01.bidder_supplier_summary_controller_04 -->
