<?xml version="1.0" encoding="UTF-8"?>
<!-- Generated by org.testng.reporters.JUnitReportReporter -->
<testsuite hostname="DESKTOP-C9G084L" failures="0" tests="1" name="restassuredtut01.invoice_details_controller_09" time="2.057" errors="0" timestamp="2024-11-29T10:44:28 IST" skipped="0">
  <testcase classname="restassuredtut01.invoice_details_controller_09" name="loginToSystem" time="2.057"/>
</testsuite> <!-- restassuredtut01.invoice_details_controller_09 -->
