<?xml version="1.0" encoding="UTF-8"?>
<!-- Generated by org.testng.reporters.JUnitReportReporter -->
<testsuite hostname="DESKTOP-C9G084L" failures="0" tests="2" name="get_restassured.Test02" time="0.793" errors="0" timestamp="2024-12-18T09:50:55 IST" skipped="0">
  <testcase classname="get_restassured.Test02" name="testPost" time="0.003"/>
  <testcase classname="get_restassured.Test02" name="test_02" time="0.790"/>
</testsuite> <!-- get_restassured.Test02 -->
