<?xml version="1.0" encoding="UTF-8"?>
<!-- Generated by org.testng.reporters.JUnitReportReporter -->
<testsuite hostname="DESKTOP-C9G084L" failures="0" tests="1" name="restassuredtut01.balance_sheet_controller_01" time="14.379" errors="0" timestamp="2024-11-30T11:52:57 IST" skipped="0">
  <testcase classname="restassuredtut01.balance_sheet_controller_01" name="loginToSystem" time="14.379"/>
</testsuite> <!-- restassuredtut01.balance_sheet_controller_01 -->
