<?xml version="1.0" encoding="UTF-8"?>
<!-- Generated by org.testng.reporters.JUnitReportReporter -->
<testsuite hostname="DESKTOP-C9G084L" failures="0" tests="1" name="get_restassured.auction_controller_19" time="1.974" errors="0" timestamp="2024-12-09T09:23:52 IST" skipped="0">
  <testcase classname="get_restassured.auction_controller_19" name="loginToSystem" time="1.974"/>
</testsuite> <!-- get_restassured.auction_controller_19 -->
