<?xml version="1.0" encoding="UTF-8"?>
<!-- Generated by org.testng.reporters.JUnitReportReporter -->
<testsuite hostname="DESKTOP-C9G084L" failures="0" tests="1" name="post_restassured.RemarkController" time="1.497" errors="0" timestamp="2024-12-12T14:29:51 IST" skipped="0">
  <testcase classname="post_restassured.RemarkController" name="createSymmetry" time="1.497"/>
</testsuite> <!-- post_restassured.RemarkController -->
