<?xml version="1.0" encoding="UTF-8"?>
<!-- Generated by org.testng.reporters.JUnitReportReporter -->
<testsuite hostname="DESKTOP-C9G084L" failures="0" tests="1" name="post_restassured.InvoiceDetailsController06" time="1.864" errors="0" timestamp="2024-12-10T11:16:25 IST" skipped="0">
  <testcase classname="post_restassured.InvoiceDetailsController06" name="createSymmetry" time="1.864"/>
</testsuite> <!-- post_restassured.InvoiceDetailsController06 -->
