<?xml version="1.0" encoding="UTF-8"?>
<!-- Generated by org.testng.reporters.JUnitReportReporter -->
<testsuite hostname="DESKTOP-C9G084L" failures="0" tests="1" name="get_restassured.bid_controller_10" time="1.810" errors="0" timestamp="2024-12-27T17:20:30 IST" skipped="0">
  <testcase classname="get_restassured.bid_controller_10" name="loginToSystem" time="1.810"/>
</testsuite> <!-- get_restassured.bid_controller_10 -->
