<?xml version="1.0" encoding="UTF-8"?>
<!-- Generated by org.testng.reporters.JUnitReportReporter -->
<testsuite hostname="DESKTOP-C9G084L" failures="0" tests="1" name="get_restassured.bidder_supplier_summary_controller_02" time="1.658" errors="0" timestamp="2024-12-27T17:30:36 IST" skipped="0">
  <testcase classname="get_restassured.bidder_supplier_summary_controller_02" name="loginToSystem" time="1.658"/>
</testsuite> <!-- get_restassured.bidder_supplier_summary_controller_02 -->
