<?xml version="1.0" encoding="UTF-8"?>
<!-- Generated by org.testng.reporters.JUnitReportReporter -->
<testsuite hostname="DESKTOP-C9G084L" failures="0" tests="1" name="restassuredtut01.company_controller_02" time="1.477" errors="0" timestamp="2024-11-29T12:13:04 IST" skipped="0">
  <testcase classname="restassuredtut01.company_controller_02" name="loginToSystem" time="1.477"/>
</testsuite> <!-- restassuredtut01.company_controller_02 -->
