<?xml version="1.0" encoding="UTF-8"?>
<!-- Generated by org.testng.reporters.JUnitReportReporter -->
<testsuite hostname="DESKTOP-C9G084L" failures="0" tests="1" name="post_restassured.InvoiceDetailsController04" time="1.550" errors="0" timestamp="2024-12-10T11:09:41 IST" skipped="0">
  <testcase classname="post_restassured.InvoiceDetailsController04" name="createSymmetry" time="1.550"/>
</testsuite> <!-- post_restassured.InvoiceDetailsController04 -->
