<?xml version="1.0" encoding="UTF-8"?>
<!-- Generated by org.testng.reporters.JUnitReportReporter -->
<testsuite hostname="DESKTOP-C9G084L" failures="0" tests="1" name="restassuredtut01.auction_controller_15" time="1.395" errors="0" timestamp="2024-11-28T11:17:18 IST" skipped="0">
  <testcase classname="restassuredtut01.auction_controller_15" name="loginToSystem" time="1.395"/>
</testsuite> <!-- restassuredtut01.auction_controller_15 -->
