<?xml version="1.0" encoding="UTF-8"?>
<!-- Generated by org.testng.reporters.JUnitReportReporter -->
<testsuite hostname="DESKTOP-C9G084L" failures="0" tests="1" name="post_restassured.ClarityController02" time="1.679" errors="0" timestamp="2024-12-10T15:49:02 IST" skipped="0">
  <testcase classname="post_restassured.ClarityController02" name="createSymmetry" time="1.679"/>
</testsuite> <!-- post_restassured.ClarityController02 -->
