<?xml version="1.0" encoding="UTF-8"?>
<!-- Generated by org.testng.reporters.JUnitReportReporter -->
<testsuite hostname="DESKTOP-C9G084L" failures="0" tests="1" name="post_restassured.LotJewelleryImageController" time="2.371" errors="0" timestamp="2024-12-12T13:35:53 IST" skipped="0">
  <testcase classname="post_restassured.LotJewelleryImageController" name="createSymmetry" time="2.371"/>
</testsuite> <!-- post_restassured.LotJewelleryImageController -->
