<?xml version="1.0" encoding="UTF-8"?>
<!-- Generated by org.testng.reporters.JUnitReportReporter -->
<testsuite hostname="DESKTOP-C9G084L" failures="0" tests="1" name="restassuredtut01.bidder_supplier_summary_controller_02" time="3.394" errors="0" timestamp="2024-11-30T15:23:04 IST" skipped="0">
  <testcase classname="restassuredtut01.bidder_supplier_summary_controller_02" name="loginToSystem" time="3.394"/>
</testsuite> <!-- restassuredtut01.bidder_supplier_summary_controller_02 -->
