<?xml version="1.0" encoding="UTF-8"?>
<!-- Generated by org.testng.reporters.JUnitReportReporter -->
<testsuite hostname="DESKTOP-C9G084L" failures="0" tests="1" name="restassuredtut01.bidder_supplier_summary_controller_01" time="2.079" errors="0" timestamp="2024-11-30T15:22:51 IST" skipped="0">
  <testcase classname="restassuredtut01.bidder_supplier_summary_controller_01" name="loginToSystem" time="2.079"/>
</testsuite> <!-- restassuredtut01.bidder_supplier_summary_controller_01 -->
