<?xml version="1.0" encoding="UTF-8"?>
<!-- Generated by org.testng.reporters.JUnitReportReporter -->
<testsuite hostname="DESKTOP-C9G084L" failures="0" tests="1" name="restassuredtut01.filter_jewellery_controller_01" time="1.867" errors="0" timestamp="2024-11-30T11:17:57 IST" skipped="0">
  <testcase classname="restassuredtut01.filter_jewellery_controller_01" name="loginToSystem" time="1.867"/>
</testsuite> <!-- restassuredtut01.filter_jewellery_controller_01 -->
