<?xml version="1.0" encoding="UTF-8"?>
<!-- Generated by org.testng.reporters.JUnitReportReporter -->
<testsuite hostname="DESKTOP-C9G084L" failures="0" tests="1" name="get_restassured.lot_image_controller_02" time="1.527" errors="0" timestamp="2024-12-11T09:10:45 IST" skipped="0">
  <testcase classname="get_restassured.lot_image_controller_02" name="loginToSystem" time="1.527"/>
</testsuite> <!-- get_restassured.lot_image_controller_02 -->
