<?xml version="1.0" encoding="UTF-8"?>
<!-- Generated by org.testng.reporters.JUnitReportReporter -->
<testsuite hostname="DESKTOP-C9G084L" failures="0" tests="1" name="restassuredtut01.lot_controller_08" time="1.456" errors="0" timestamp="2024-11-29T11:49:43 IST" skipped="0">
  <testcase classname="restassuredtut01.lot_controller_08" name="loginToSystem" time="1.456"/>
</testsuite> <!-- restassuredtut01.lot_controller_08 -->
