<?xml version="1.0" encoding="UTF-8"?>
<!-- Generated by org.testng.reporters.JUnitReportReporter -->
<testsuite hostname="DESKTOP-C9G084L" failures="0" tests="1" name="put_restassured.InvoiceDetailsController01" time="1.854" errors="0" timestamp="2024-12-12T11:03:37 IST" skipped="0">
  <testcase classname="put_restassured.InvoiceDetailsController01" name="updateUser" time="1.854"/>
</testsuite> <!-- put_restassured.InvoiceDetailsController01 -->
