<?xml version="1.0" encoding="UTF-8"?>
<!-- Generated by org.testng.reporters.JUnitReportReporter -->
<testsuite hostname="DESKTOP-C9G084L" failures="0" tests="1" name="post_restassured.LotImageController" time="1.701" errors="0" timestamp="2024-12-12T13:19:36 IST" skipped="0">
  <testcase classname="post_restassured.LotImageController" name="createSymmetry" time="1.701"/>
</testsuite> <!-- post_restassured.LotImageController -->
