<?xml version="1.0" encoding="UTF-8"?>
<!-- Generated by org.testng.reporters.JUnitReportReporter -->
<testsuite hostname="DESKTOP-C9G084L" failures="0" tests="1" name="get_restassured.auction_controller_10" time="1.515" errors="0" timestamp="2024-12-27T17:00:05 IST" skipped="0">
  <testcase classname="get_restassured.auction_controller_10" name="loginToSystem" time="1.515"/>
</testsuite> <!-- get_restassured.auction_controller_10 -->
